[backblue.gif]
[fade.gif]
[index.html]
[marwanwalid.myportfolio.com/site/translationscb21]
[marwanwalid.myportfolio.com/index.html]
[marwanwalid.myportfolio.com/dist/css/main.css]
[use.typekit.net/ik/eO32EiSd75OgxTddlRyXhh0AtHzEZ1a2pqVEbvx_qg6fe06gfHYEBsJzwD9oFDIDWDmR5QZR5Q8Rw2bU528yFc9kZcbkjhmR52ju5293ZAjhFAm8ZA4cjh9-mkG0dW83da4XZcNC-Av0jhNlOfG0SY4zwKuh-AmaOcuoSeNkieZzde8zOcFzdPUlpWgzS1scdhUTdk]
[marwanwalid.myportfolio.com/dist/js/maincb21.js]
[pro2-bar-s3-cdn-cf3.myportfolio.com/48f728fb-38c2-40e4-acbf-038df3e87aae/43c55913-a874-460e-b4b5-4cf85a09afbb_rwc_5x0x954x960x4096a7b1.jpg]
[pro2-bar-s3-cdn-cf1.myportfolio.com/48f728fb-38c2-40e4-acbf-038df3e87aae/264d3c98b2e6ce26eb98c287606629811642276086982e.css]
[marwanwalid.myportfolio.com/home.html]
[pro2-bar-s3-cdn-cf.myportfolio.com/48f728fb-38c2-40e4-acbf-038df3e87aae/89708d73-2188-485f-9e7d-aadd30024f42_rwc_0x117x1080x844x3218dc.jpg]
[pro2-bar-s3-cdn-cf.myportfolio.com/48f728fb-38c2-40e4-acbf-038df3e87aae/89708d73-2188-485f-9e7d-aadd30024f42_rwc_0x117x1080x844x1080744f.jpg]
[pro2-bar-s3-cdn-cf3.myportfolio.com/48f728fb-38c2-40e4-acbf-038df3e87aae/e2f399d2-a7de-4bf5-b63b-802846d54e8e_rwc_0x0x1080x844x32cf33.jpg]
[pro2-bar-s3-cdn-cf3.myportfolio.com/48f728fb-38c2-40e4-acbf-038df3e87aae/e2f399d2-a7de-4bf5-b63b-802846d54e8e_rwc_0x0x1080x844x10805d25.jpg]
[pro2-bar-s3-cdn-cf6.myportfolio.com/48f728fb-38c2-40e4-acbf-038df3e87aae/7f348aa8-8a53-4696-8585-f462301c05dd_rwc_0x162x1080x844x323708.jpg]
[pro2-bar-s3-cdn-cf6.myportfolio.com/48f728fb-38c2-40e4-acbf-038df3e87aae/7f348aa8-8a53-4696-8585-f462301c05dd_rwc_0x162x1080x844x10808c40.jpg]
[pro2-bar-s3-cdn-cf2.myportfolio.com/48f728fb-38c2-40e4-acbf-038df3e87aae/dc7ff9a1-929a-438a-9f58-f267f7ad8392_carw_202x158x32a696.jpg]
[pro2-bar-s3-cdn-cf2.myportfolio.com/48f728fb-38c2-40e4-acbf-038df3e87aae/dc7ff9a1-929a-438a-9f58-f267f7ad8392_car_202x1583917.jpg]
[pro2-bar-s3-cdn-cf6.myportfolio.com/48f728fb-38c2-40e4-acbf-038df3e87aae/0807a342-fcd8-4b6a-a53f-f0486ccc19d4_carw_202x158x325f41.jpg]
[pro2-bar-s3-cdn-cf6.myportfolio.com/48f728fb-38c2-40e4-acbf-038df3e87aae/0807a342-fcd8-4b6a-a53f-f0486ccc19d4_car_202x1586e77.jpg]
[pro2-bar-s3-cdn-cf3.myportfolio.com/48f728fb-38c2-40e4-acbf-038df3e87aae/4717fa0c-b32b-4084-8ba2-0166f530323f_carw_202x158x32c40d.jpg]
[pro2-bar-s3-cdn-cf3.myportfolio.com/48f728fb-38c2-40e4-acbf-038df3e87aae/4717fa0c-b32b-4084-8ba2-0166f530323f_car_202x158e922.jpg]
[pro2-bar-s3-cdn-cf.myportfolio.com/48f728fb-38c2-40e4-acbf-038df3e87aae/171bfeb8-03e1-4450-acae-7b84bd02a328_carw_202x158x32ff0d.png]
[pro2-bar-s3-cdn-cf.myportfolio.com/48f728fb-38c2-40e4-acbf-038df3e87aae/171bfeb8-03e1-4450-acae-7b84bd02a328_car_202x1580ee0.png]
[pro2-bar-s3-cdn-cf2.myportfolio.com/48f728fb-38c2-40e4-acbf-038df3e87aae/3d3d15b1-946a-45c6-bca2-82cda62de4cb_carw_202x158x32dc92.jpg]
[pro2-bar-s3-cdn-cf2.myportfolio.com/48f728fb-38c2-40e4-acbf-038df3e87aae/3d3d15b1-946a-45c6-bca2-82cda62de4cb_car_202x1588568.jpg]
[pro2-bar-s3-cdn-cf.myportfolio.com/48f728fb-38c2-40e4-acbf-038df3e87aae/8c9b16c4-1e0a-451a-8ce4-29a4b442f266_carw_202x158x32e492.jpg]
[pro2-bar-s3-cdn-cf.myportfolio.com/48f728fb-38c2-40e4-acbf-038df3e87aae/8c9b16c4-1e0a-451a-8ce4-29a4b442f266_car_202x158e344.jpg]
[pro2-bar-s3-cdn-cf1.myportfolio.com/48f728fb-38c2-40e4-acbf-038df3e87aae/c37aab6a-91ad-430f-b5d9-d40002ffc70c_carw_202x158x32f6b8.jpg]
[pro2-bar-s3-cdn-cf1.myportfolio.com/48f728fb-38c2-40e4-acbf-038df3e87aae/c37aab6a-91ad-430f-b5d9-d40002ffc70c_car_202x158ed9d.jpg]
[pro2-bar-s3-cdn-cf4.myportfolio.com/48f728fb-38c2-40e4-acbf-038df3e87aae/52797c2a-b763-43a5-9cdb-bf4b9fb6a194_rwc_0x218x1000x781x32e001.png]
[pro2-bar-s3-cdn-cf4.myportfolio.com/48f728fb-38c2-40e4-acbf-038df3e87aae/52797c2a-b763-43a5-9cdb-bf4b9fb6a194_rwc_0x218x1000x781x10009460.png]
[pro2-bar-s3-cdn-cf6.myportfolio.com/48f728fb-38c2-40e4-acbf-038df3e87aae/7e8bf4fd-93ef-494f-9110-fdbe71520fb1_carw_202x158x328de2.jpg]
[pro2-bar-s3-cdn-cf6.myportfolio.com/48f728fb-38c2-40e4-acbf-038df3e87aae/7e8bf4fd-93ef-494f-9110-fdbe71520fb1_car_202x158584c.jpg]
[pro2-bar-s3-cdn-cf5.myportfolio.com/48f728fb-38c2-40e4-acbf-038df3e87aae/66602ca1-e8cd-4d4f-a0ca-693a6f4703ed_carw_202x158x32c9ab.jpg]
[pro2-bar-s3-cdn-cf5.myportfolio.com/48f728fb-38c2-40e4-acbf-038df3e87aae/66602ca1-e8cd-4d4f-a0ca-693a6f4703ed_car_202x158b2e0.jpg]
[pro2-bar-s3-cdn-cf3.myportfolio.com/48f728fb-38c2-40e4-acbf-038df3e87aae/ea5bd6ff-540a-4acf-9779-e625248b217a_carw_202x158x3232cc.jpg]
[pro2-bar-s3-cdn-cf3.myportfolio.com/48f728fb-38c2-40e4-acbf-038df3e87aae/ea5bd6ff-540a-4acf-9779-e625248b217a_car_202x1581290.jpg]
[pro2-bar-s3-cdn-cf4.myportfolio.com/48f728fb-38c2-40e4-acbf-038df3e87aae/570e2259-c80f-4105-9b8c-eac82adff070_rwc_0x209x1920x1501x32a150.jpg]
[pro2-bar-s3-cdn-cf4.myportfolio.com/48f728fb-38c2-40e4-acbf-038df3e87aae/570e2259-c80f-4105-9b8c-eac82adff070_rwc_0x209x1920x1501x1920dcf8.jpg]
[pro2-bar-s3-cdn-cf.myportfolio.com/48f728fb-38c2-40e4-acbf-038df3e87aae/bcae73f2-81ee-4e81-90b2-1a753129865f_rwc_0x415x1500x1172x32c308.jpg]
[pro2-bar-s3-cdn-cf.myportfolio.com/48f728fb-38c2-40e4-acbf-038df3e87aae/bcae73f2-81ee-4e81-90b2-1a753129865f_rwc_0x415x1500x1172x1500ab9e.jpg]
[pro2-bar-s3-cdn-cf1.myportfolio.com/48f728fb-38c2-40e4-acbf-038df3e87aae/92b832a2-873b-45db-a187-3666593ade4e_rwc_0x209x1920x1501x32158f.jpg]
[pro2-bar-s3-cdn-cf1.myportfolio.com/48f728fb-38c2-40e4-acbf-038df3e87aae/92b832a2-873b-45db-a187-3666593ade4e_rwc_0x209x1920x1501x192018fb.jpg]
[pro2-bar-s3-cdn-cf4.myportfolio.com/48f728fb-38c2-40e4-acbf-038df3e87aae/58fd3a21-3623-48f1-bb49-14f154ba5a59_rwc_0x209x1920x1501x322bdf.jpg]
[pro2-bar-s3-cdn-cf4.myportfolio.com/48f728fb-38c2-40e4-acbf-038df3e87aae/58fd3a21-3623-48f1-bb49-14f154ba5a59_rwc_0x209x1920x1501x1920a44d.jpg]
[pro2-bar-s3-cdn-cf4.myportfolio.com/48f728fb-38c2-40e4-acbf-038df3e87aae/f094a050-878f-43ed-a1ed-678a4f6a0807_carw_202x158x327c5b.jpg]
[pro2-bar-s3-cdn-cf4.myportfolio.com/48f728fb-38c2-40e4-acbf-038df3e87aae/f094a050-878f-43ed-a1ed-678a4f6a0807_car_202x1582589.jpg]
[pro2-bar-s3-cdn-cf.myportfolio.com/48f728fb-38c2-40e4-acbf-038df3e87aae/17ee7892-493b-45cc-ab68-f09441873dee_carw_202x158x323fc3.jpg]
[pro2-bar-s3-cdn-cf.myportfolio.com/48f728fb-38c2-40e4-acbf-038df3e87aae/17ee7892-493b-45cc-ab68-f09441873dee_car_202x1586d9a.jpg]
[pro2-bar-s3-cdn-cf6.myportfolio.com/48f728fb-38c2-40e4-acbf-038df3e87aae/03fa217c-f40c-45e7-aed0-397e8071fe2e_carw_202x158x32283a.jpg]
[pro2-bar-s3-cdn-cf6.myportfolio.com/48f728fb-38c2-40e4-acbf-038df3e87aae/03fa217c-f40c-45e7-aed0-397e8071fe2e_car_202x1582193.jpg]
[pro2-bar-s3-cdn-cf6.myportfolio.com/48f728fb-38c2-40e4-acbf-038df3e87aae/adbc810c-92d9-46fe-b468-0581e17d1995_carw_202x158x327a2c.png]
[pro2-bar-s3-cdn-cf6.myportfolio.com/48f728fb-38c2-40e4-acbf-038df3e87aae/adbc810c-92d9-46fe-b468-0581e17d1995_car_202x1583172.png]
[pro2-bar-s3-cdn-cf1.myportfolio.com/48f728fb-38c2-40e4-acbf-038df3e87aae/2e367289-6cd6-44aa-a570-04444d7f8669_carw_202x158x3265c9.png]
[pro2-bar-s3-cdn-cf1.myportfolio.com/48f728fb-38c2-40e4-acbf-038df3e87aae/2e367289-6cd6-44aa-a570-04444d7f8669_car_202x158ad99.png]
[pro2-bar-s3-cdn-cf1.myportfolio.com/48f728fb-38c2-40e4-acbf-038df3e87aae/931b6762-a845-49e3-8f67-a3231de7a8f5_carw_202x158x32013e.jpg]
[pro2-bar-s3-cdn-cf1.myportfolio.com/48f728fb-38c2-40e4-acbf-038df3e87aae/931b6762-a845-49e3-8f67-a3231de7a8f5_car_202x1583d9d.jpg]
[marwanwalid.myportfolio.com/ai-ps.html]
[pro2-bar-s3-cdn-cf6.myportfolio.com/48f728fb-38c2-40e4-acbf-038df3e87aae/7ba1087b7422199a0504bdc82b8b0e611642276086ea65.css]
[pro2-bar-s3-cdn-cf6.myportfolio.com/48f728fb-38c2-40e4-acbf-038df3e87aae/00eea5d2-396b-4598-b426-adaa7720e693_rwc_0x109x1000x781x32ca91.jpg]
[pro2-bar-s3-cdn-cf6.myportfolio.com/48f728fb-38c2-40e4-acbf-038df3e87aae/00eea5d2-396b-4598-b426-adaa7720e693_rwc_0x109x1000x781x10009381.jpg]
[pro2-bar-s3-cdn-cf1.myportfolio.com/48f728fb-38c2-40e4-acbf-038df3e87aae/2b91cdf5-4f20-465b-b36a-e990c2063f46_rwc_0x34x763x597x32d9a1.png]
[pro2-bar-s3-cdn-cf1.myportfolio.com/48f728fb-38c2-40e4-acbf-038df3e87aae/2b91cdf5-4f20-465b-b36a-e990c2063f46_rwc_0x34x763x597x76308b0.png]
[pro2-bar-s3-cdn-cf2.myportfolio.com/48f728fb-38c2-40e4-acbf-038df3e87aae/da836f3e-155a-4d41-96f6-e5a50e8595d5_rwc_0x109x1000x781x327d0e.png]
[pro2-bar-s3-cdn-cf2.myportfolio.com/48f728fb-38c2-40e4-acbf-038df3e87aae/da836f3e-155a-4d41-96f6-e5a50e8595d5_rwc_0x109x1000x781x1000117b.png]
[pro2-bar-s3-cdn-cf2.myportfolio.com/48f728fb-38c2-40e4-acbf-038df3e87aae/38af69b3-66a4-4d69-9c51-dbb122bf91bc_carw_202x158x32b817.gif]
[pro2-bar-s3-cdn-cf2.myportfolio.com/48f728fb-38c2-40e4-acbf-038df3e87aae/38af69b3-66a4-4d69-9c51-dbb122bf91bc_car_202x15822a8.gif]
[pro2-bar-s3-cdn-cf3.myportfolio.com/48f728fb-38c2-40e4-acbf-038df3e87aae/eaa8d19c-a1db-4223-b3c1-a80641c0f315_carw_202x158x327072.gif]
[pro2-bar-s3-cdn-cf3.myportfolio.com/48f728fb-38c2-40e4-acbf-038df3e87aae/eaa8d19c-a1db-4223-b3c1-a80641c0f315_car_202x158deb9.gif]
[marwanwalid.myportfolio.com/motion-graphics.html]
[pro2-bar-s3-cdn-cf1.myportfolio.com/48f728fb-38c2-40e4-acbf-038df3e87aae/27f1eb79-b26d-4167-8db4-7ee5ec9e3582_carw_202x158x32653f.png]
[pro2-bar-s3-cdn-cf1.myportfolio.com/48f728fb-38c2-40e4-acbf-038df3e87aae/27f1eb79-b26d-4167-8db4-7ee5ec9e3582_car_202x158937b.png]
[pro2-bar-s3-cdn-cf1.myportfolio.com/48f728fb-38c2-40e4-acbf-038df3e87aae/937ec10c-5ec4-49f8-8cdc-60967a3938b1_rwc_458x100x1008x788x32eb96.png]
[marwanwalid.myportfolio.com/games.html]
[pro2-bar-s3-cdn-cf1.myportfolio.com/48f728fb-38c2-40e4-acbf-038df3e87aae/937ec10c-5ec4-49f8-8cdc-60967a3938b1_rwc_458x100x1008x788x10085460.png]
[pro2-bar-s3-cdn-cf1.myportfolio.com/48f728fb-38c2-40e4-acbf-038df3e87aae/21b6c2ad-bb97-45cb-ba4a-b0bb54ad27e2_carw_202x158x323c71.jpg]
[pro2-bar-s3-cdn-cf1.myportfolio.com/48f728fb-38c2-40e4-acbf-038df3e87aae/21b6c2ad-bb97-45cb-ba4a-b0bb54ad27e2_car_202x1584b7d.jpg]
[pro2-bar-s3-cdn-cf.myportfolio.com/48f728fb-38c2-40e4-acbf-038df3e87aae/15790135-c1c1-4972-a293-13bc7447a7d6_carw_202x158x32d65b.jpg]
[pro2-bar-s3-cdn-cf.myportfolio.com/48f728fb-38c2-40e4-acbf-038df3e87aae/15790135-c1c1-4972-a293-13bc7447a7d6_car_202x1589e21.jpg]
[pro2-bar-s3-cdn-cf1.myportfolio.com/48f728fb-38c2-40e4-acbf-038df3e87aae/2bdebb01-f04d-4d10-9a5c-5268e6086f93_carw_202x158x3242e7.jpg]
[pro2-bar-s3-cdn-cf1.myportfolio.com/48f728fb-38c2-40e4-acbf-038df3e87aae/2bdebb01-f04d-4d10-9a5c-5268e6086f93_car_202x158c1ca.jpg]
[pro2-bar-s3-cdn-cf6.myportfolio.com/48f728fb-38c2-40e4-acbf-038df3e87aae/a0beec3a-e195-45bd-afb6-9da32bea3199_rwc_83x0x3683x2880x32588c.jpg]
[pro2-bar-s3-cdn-cf6.myportfolio.com/48f728fb-38c2-40e4-acbf-038df3e87aae/a0beec3a-e195-45bd-afb6-9da32bea3199_rwc_83x0x3683x2880x3683f82d.jpg]
[pro2-bar-s3-cdn-cf4.myportfolio.com/48f728fb-38c2-40e4-acbf-038df3e87aae/5f6aefec-d451-4d4d-a75b-fe40eb77b718_rwc_83x0x3683x2880x325d6e.jpg]
[pro2-bar-s3-cdn-cf4.myportfolio.com/48f728fb-38c2-40e4-acbf-038df3e87aae/5f6aefec-d451-4d4d-a75b-fe40eb77b718_rwc_83x0x3683x2880x36834ef0.jpg]
[pro2-bar-s3-cdn-cf4.myportfolio.com/48f728fb-38c2-40e4-acbf-038df3e87aae/5b308aee-0792-4c49-afb1-c34290a8b831_carw_202x158x32e9a8.jpg]
[pro2-bar-s3-cdn-cf4.myportfolio.com/48f728fb-38c2-40e4-acbf-038df3e87aae/5b308aee-0792-4c49-afb1-c34290a8b831_car_202x1582c9a.jpg]
[pro2-bar-s3-cdn-cf5.myportfolio.com/48f728fb-38c2-40e4-acbf-038df3e87aae/6f9bc091-75de-45ca-a011-fd4e65148639_rwc_83x0x3683x2880x322a88.jpg]
[pro2-bar-s3-cdn-cf5.myportfolio.com/48f728fb-38c2-40e4-acbf-038df3e87aae/6f9bc091-75de-45ca-a011-fd4e65148639_rwc_83x0x3683x2880x3683d094.jpg]
[pro2-bar-s3-cdn-cf3.myportfolio.com/48f728fb-38c2-40e4-acbf-038df3e87aae/4ca5d3fe-83dc-493f-80b1-66f6df30eb86_carw_202x158x325106.png]
[pro2-bar-s3-cdn-cf3.myportfolio.com/48f728fb-38c2-40e4-acbf-038df3e87aae/4ca5d3fe-83dc-493f-80b1-66f6df30eb86_car_202x158face.png]
[marwanwalid.myportfolio.com/photography.html]
[marwanwalid.myportfolio.com/contact.html]
[pro2-bar-s3-cdn-cf2.myportfolio.com/48f728fb-38c2-40e4-acbf-038df3e87aae/3eeec139-ffe7-4038-aac0-6ce10f9a43ba84a3.jpg]
[pro2-bar-s3-cdn-cf2.myportfolio.com/48f728fb-38c2-40e4-acbf-038df3e87aae/3eeec139-ffe7-4038-aac0-6ce10f9a43ba_rw_12006ee1.jpg]
[marwanwalid.myportfolio.com/geuvara.html]
[pro2-bar-s3-cdn-cf4.myportfolio.com/48f728fb-38c2-40e4-acbf-038df3e87aae/543cad13-8247-44da-a846-67b15de532fed373.jpg]
[pro2-bar-s3-cdn-cf4.myportfolio.com/48f728fb-38c2-40e4-acbf-038df3e87aae/543cad13-8247-44da-a846-67b15de532fe_rw_120067b5.jpg]
[marwanwalid.myportfolio.com/nasser.html]
[pro2-bar-s3-cdn-cf6.myportfolio.com/48f728fb-38c2-40e4-acbf-038df3e87aae/0ce4ac72-25c7-4be3-a640-7711e0f6f0e17c6f.jpg]
[pro2-bar-s3-cdn-cf6.myportfolio.com/48f728fb-38c2-40e4-acbf-038df3e87aae/0ce4ac72-25c7-4be3-a640-7711e0f6f0e1_rw_1200bb17.jpg]
[marwanwalid.myportfolio.com/victory.html]
[pro2-bar-s3-cdn-cf1.myportfolio.com/48f728fb-38c2-40e4-acbf-038df3e87aae/9f283b0b-48cb-405a-964f-6eb02d7a6390e246.jpg]
[pro2-bar-s3-cdn-cf1.myportfolio.com/48f728fb-38c2-40e4-acbf-038df3e87aae/9f283b0b-48cb-405a-964f-6eb02d7a6390_rw_1200fb5f.jpg]
[marwanwalid.myportfolio.com/le-bierut.html]
[pro2-bar-s3-cdn-cf4.myportfolio.com/48f728fb-38c2-40e4-acbf-038df3e87aae/f7a28486-c1a9-46f0-8aa4-f6c2f586f40f8903.jpg]
[pro2-bar-s3-cdn-cf4.myportfolio.com/48f728fb-38c2-40e4-acbf-038df3e87aae/f7a28486-c1a9-46f0-8aa4-f6c2f586f40f_rw_12007cc9.jpg]
[marwanwalid.myportfolio.com/daydreamingkaney.html]
[pro2-bar-s3-cdn-cf.myportfolio.com/48f728fb-38c2-40e4-acbf-038df3e87aae/856c4529-4d8b-4bc6-8922-dbfcea3b8df6e76e.jpg]
[pro2-bar-s3-cdn-cf.myportfolio.com/48f728fb-38c2-40e4-acbf-038df3e87aae/856c4529-4d8b-4bc6-8922-dbfcea3b8df6_rw_1200f253.jpg]
[marwanwalid.myportfolio.com/sculptor-nhat.html]
[pro2-bar-s3-cdn-cf.myportfolio.com/48f728fb-38c2-40e4-acbf-038df3e87aae/8a186623-3436-42ac-a001-f1381fae913e2fe8.jpg]
[pro2-bar-s3-cdn-cf.myportfolio.com/48f728fb-38c2-40e4-acbf-038df3e87aae/8a186623-3436-42ac-a001-f1381fae913e_rw_1920b999.jpg]
[marwanwalid.myportfolio.com/shayf-fy-aanyky-hzn.html]
[pro2-bar-s3-cdn-cf3.myportfolio.com/48f728fb-38c2-40e4-acbf-038df3e87aae/e79f5e41-7aab-41bc-8995-acbc85b44fe87928.jpg]
[pro2-bar-s3-cdn-cf3.myportfolio.com/48f728fb-38c2-40e4-acbf-038df3e87aae/e79f5e41-7aab-41bc-8995-acbc85b44fe8_rw_3840a559.jpg]
[pro2-bar-s3-cdn-cf.myportfolio.com/48f728fb-38c2-40e4-acbf-038df3e87aae/ba0088c6-41ec-47c7-a258-0a6730ecb4050195.jpg]
[pro2-bar-s3-cdn-cf.myportfolio.com/48f728fb-38c2-40e4-acbf-038df3e87aae/ba0088c6-41ec-47c7-a258-0a6730ecb405_rw_38408a85.jpg]
[pro2-bar-s3-cdn-cf.myportfolio.com/48f728fb-38c2-40e4-acbf-038df3e87aae/8440a2e0-2862-44bd-ab5f-2b7ea84cfe881760.jpg]
[pro2-bar-s3-cdn-cf.myportfolio.com/48f728fb-38c2-40e4-acbf-038df3e87aae/8440a2e0-2862-44bd-ab5f-2b7ea84cfe88_rw_38405d51.jpg]
[pro2-bar-s3-cdn-cf1.myportfolio.com/48f728fb-38c2-40e4-acbf-038df3e87aae/c30bfc39-c65d-4e89-a507-eda3bc1d240e0585.jpg]
[marwanwalid.myportfolio.com/my-security-cube-brand-identity.html]
[pro2-bar-s3-cdn-cf1.myportfolio.com/48f728fb-38c2-40e4-acbf-038df3e87aae/c30bfc39-c65d-4e89-a507-eda3bc1d240e_rw_3840ef3e.jpg]
[pro2-bar-s3-cdn-cf1.myportfolio.com/48f728fb-38c2-40e4-acbf-038df3e87aae/22ce99f3-42fd-4896-bd61-96714b93b2e7cae9.jpg]
[pro2-bar-s3-cdn-cf1.myportfolio.com/48f728fb-38c2-40e4-acbf-038df3e87aae/22ce99f3-42fd-4896-bd61-96714b93b2e7_rw_1920daa5.jpg]
[marwanwalid.myportfolio.com/ieee-hsb-auxilio-30-event.html]
[pro2-bar-s3-cdn-cf4.myportfolio.com/48f728fb-38c2-40e4-acbf-038df3e87aae/f1c9274d-b6ab-4332-8d7b-ae2691546c49eff7.jpg]
[pro2-bar-s3-cdn-cf4.myportfolio.com/48f728fb-38c2-40e4-acbf-038df3e87aae/f1c9274d-b6ab-4332-8d7b-ae2691546c49_rw_1200e7a2.jpg]
[pro2-bar-s3-cdn-cf.myportfolio.com/48f728fb-38c2-40e4-acbf-038df3e87aae/b3a6a034-22ed-4450-a450-c2abab4f355f5205.jpg]
[pro2-bar-s3-cdn-cf.myportfolio.com/48f728fb-38c2-40e4-acbf-038df3e87aae/b3a6a034-22ed-4450-a450-c2abab4f355f_rw_600ff2c.jpg]
[pro2-bar-s3-cdn-cf6.myportfolio.com/48f728fb-38c2-40e4-acbf-038df3e87aae/7843878d-e2a5-40da-ae2f-6a0ed43e8e650592.jpg]
[pro2-bar-s3-cdn-cf6.myportfolio.com/48f728fb-38c2-40e4-acbf-038df3e87aae/7843878d-e2a5-40da-ae2f-6a0ed43e8e65_rw_1920a129.jpg]
[pro2-bar-s3-cdn-cf6.myportfolio.com/48f728fb-38c2-40e4-acbf-038df3e87aae/adfb569f-bb05-4c6d-befd-3bcdabb17449531b.jpg]
[pro2-bar-s3-cdn-cf6.myportfolio.com/48f728fb-38c2-40e4-acbf-038df3e87aae/adfb569f-bb05-4c6d-befd-3bcdabb17449_rw_1920a2e1.jpg]
[marwanwalid.myportfolio.com/resala-stem-branding.html]
[pro2-bar-s3-cdn-cf4.myportfolio.com/48f728fb-38c2-40e4-acbf-038df3e87aae/5f59f9c8-23e6-4d42-88ad-4e1cfdb89609d37b.jpg]
[pro2-bar-s3-cdn-cf4.myportfolio.com/48f728fb-38c2-40e4-acbf-038df3e87aae/5f59f9c8-23e6-4d42-88ad-4e1cfdb89609_rw_12002410.jpg]
[pro2-bar-s3-cdn-cf3.myportfolio.com/48f728fb-38c2-40e4-acbf-038df3e87aae/4c48f176-510e-4848-97d3-06eaceb06213e4d9.png]
[pro2-bar-s3-cdn-cf3.myportfolio.com/48f728fb-38c2-40e4-acbf-038df3e87aae/4c48f176-510e-4848-97d3-06eaceb06213_rw_1200ed72.png]
[marwanwalid.myportfolio.com/manipulation.html]
[pro2-bar-s3-cdn-cf.myportfolio.com/48f728fb-38c2-40e4-acbf-038df3e87aae/1a9a8869-b535-4b24-a53e-c74be98438a818a8.jpg]
[pro2-bar-s3-cdn-cf.myportfolio.com/48f728fb-38c2-40e4-acbf-038df3e87aae/1a9a8869-b535-4b24-a53e-c74be98438a8_rw_19201df3.jpg]
[marwanwalid.myportfolio.com/gdg-social-media-posts.html]
[pro2-bar-s3-cdn-cf6.myportfolio.com/48f728fb-38c2-40e4-acbf-038df3e87aae/ab581f9a-c4a4-4a09-b4da-9a23adf25d34463c.jpg]
[pro2-bar-s3-cdn-cf6.myportfolio.com/48f728fb-38c2-40e4-acbf-038df3e87aae/ab581f9a-c4a4-4a09-b4da-9a23adf25d34_rw_19203b44.jpg]
[marwanwalid.myportfolio.com/valorant-social-media-design.html]
[pro2-bar-s3-cdn-cf3.myportfolio.com/48f728fb-38c2-40e4-acbf-038df3e87aae/4885ffc9-99a0-4cf5-a374-7b8fcc5c690c8196.jpg]
[pro2-bar-s3-cdn-cf3.myportfolio.com/48f728fb-38c2-40e4-acbf-038df3e87aae/4885ffc9-99a0-4cf5-a374-7b8fcc5c690c_rw_19205a3c.jpg]
[pro2-bar-s3-cdn-cf2.myportfolio.com/48f728fb-38c2-40e4-acbf-038df3e87aae/39526ebb-1ab4-4ef1-bb8c-698904aac096fb0c.jpg]
[pro2-bar-s3-cdn-cf2.myportfolio.com/48f728fb-38c2-40e4-acbf-038df3e87aae/39526ebb-1ab4-4ef1-bb8c-698904aac096_rw_1920de45.jpg]
[pro2-bar-s3-cdn-cf1.myportfolio.com/48f728fb-38c2-40e4-acbf-038df3e87aae/c36dc16e-a774-4e8c-bc1f-468374b58fa9e0a9.jpg]
[marwanwalid.myportfolio.com/15e88f4d2b64fb.html]
[pro2-bar-s3-cdn-cf1.myportfolio.com/48f728fb-38c2-40e4-acbf-038df3e87aae/c36dc16e-a774-4e8c-bc1f-468374b58fa9_rw_1920ace1.jpg]
[marwanwalid.myportfolio.com/digital-sketch.html]
[pro2-bar-s3-cdn-cf3.myportfolio.com/48f728fb-38c2-40e4-acbf-038df3e87aae/4ea1bee0-c0b6-42ca-bb59-19b076b6d8802eb4.jpg]
[pro2-bar-s3-cdn-cf3.myportfolio.com/48f728fb-38c2-40e4-acbf-038df3e87aae/4ea1bee0-c0b6-42ca-bb59-19b076b6d880_rw_1920ed4c.jpg]
[marwanwalid.myportfolio.com/ras-t-shirt.html]
[pro2-bar-s3-cdn-cf1.myportfolio.com/48f728fb-38c2-40e4-acbf-038df3e87aae/c51785ca-58b6-4742-b91e-036520539580dd60.jpg]
[pro2-bar-s3-cdn-cf1.myportfolio.com/48f728fb-38c2-40e4-acbf-038df3e87aae/c51785ca-58b6-4742-b91e-036520539580_rw_1200247f.jpg]
[marwanwalid.myportfolio.com/happy-eid.html]
[marwanwalid.myportfolio.com/me.html]
[pro2-bar-s3-cdn-cf1.myportfolio.com/48f728fb-38c2-40e4-acbf-038df3e87aae/9b59c8ed-2e10-40f4-808d-2b8dec61ceaac1d9.png]
[pro2-bar-s3-cdn-cf1.myportfolio.com/48f728fb-38c2-40e4-acbf-038df3e87aae/9b59c8ed-2e10-40f4-808d-2b8dec61ceaa_rw_1920a831.png]
[marwanwalid.myportfolio.com/asme-magazine-recrutiment.html]
[pro2-bar-s3-cdn-cf6.myportfolio.com/48f728fb-38c2-40e4-acbf-038df3e87aae/0b1f6c76-4ef5-4804-882e-5ea5bc4b3871304c.png]
[pro2-bar-s3-cdn-cf6.myportfolio.com/48f728fb-38c2-40e4-acbf-038df3e87aae/0b1f6c76-4ef5-4804-882e-5ea5bc4b3871_rw_38403137.png]
[marwanwalid.myportfolio.com/kufi-typography.html]
[pro2-bar-s3-cdn-cf4.myportfolio.com/48f728fb-38c2-40e4-acbf-038df3e87aae/588ad19a-4253-471b-965a-1740f601085eaaa6.jpg]
[pro2-bar-s3-cdn-cf4.myportfolio.com/48f728fb-38c2-40e4-acbf-038df3e87aae/588ad19a-4253-471b-965a-1740f601085e_rw_12006419.jpg]
[marwanwalid.myportfolio.com/thinking.html]
[pro2-bar-s3-cdn-cf5.myportfolio.com/48f728fb-38c2-40e4-acbf-038df3e87aae/61b49f98113d5b2ea18edeb9fa4b789216422760864717.css]
[marwanwalid.myportfolio.com/you-can-find-more-motion-work-on-my-youtube-chanel.html]
[marwanwalid.myportfolio.com/eminem-godzilla-fast-verse-lyrics.html]
[marwanwalid.myportfolio.com/rap-god.html]
[pro2-bar-s3-cdn-cf2.myportfolio.com/48f728fb-38c2-40e4-acbf-038df3e87aae/d3f8de6f-6d87-4fdc-9095-f61d9780760c3da5.gif]
[pro2-bar-s3-cdn-cf2.myportfolio.com/48f728fb-38c2-40e4-acbf-038df3e87aae/d3f8de6f-6d87-4fdc-9095-f61d9780760c_rw_12008c54.gif]
[marwanwalid.myportfolio.com/hacked.html]
[pro2-bar-s3-cdn-cf1.myportfolio.com/48f728fb-38c2-40e4-acbf-038df3e87aae/cd66e8f7-b025-4de0-b9f7-660e456c908a88aa.png]
[pro2-bar-s3-cdn-cf1.myportfolio.com/48f728fb-38c2-40e4-acbf-038df3e87aae/cd66e8f7-b025-4de0-b9f7-660e456c908a_rw_12006677.png]
[pro2-bar-s3-cdn-cf2.myportfolio.com/48f728fb-38c2-40e4-acbf-038df3e87aae/dfc5012c-70d4-4952-9b6f-ecda57c53d4ac5c2.gif]
[pro2-bar-s3-cdn-cf2.myportfolio.com/48f728fb-38c2-40e4-acbf-038df3e87aae/dfc5012c-70d4-4952-9b6f-ecda57c53d4a_rw_12006c21.gif]
[marwanwalid.myportfolio.com/sprite.html]
[pro2-bar-s3-cdn-cf1.myportfolio.com/48f728fb-38c2-40e4-acbf-038df3e87aae/98fae4ff94518130838d02213e13df6b164227608643b0.css]
[pro2-bar-s3-cdn-cf.myportfolio.com/48f728fb-38c2-40e4-acbf-038df3e87aae/bdbad075-5722-4612-9841-883301ddeeb5fcda.png]
[pro2-bar-s3-cdn-cf.myportfolio.com/48f728fb-38c2-40e4-acbf-038df3e87aae/bdbad075-5722-4612-9841-883301ddeeb5_rw_1920f8c2.png]
[marwanwalid.myportfolio.com/coughid-19.html]
[marwanwalid.myportfolio.com/debris-hunter.html]
[pro2-bar-s3-cdn-cf2.myportfolio.com/48f728fb-38c2-40e4-acbf-038df3e87aae/3d994e7bc295c4f1097d437d7f84758e164227608642d7.css]
[pro2-bar-s3-cdn-cf1.myportfolio.com/48f728fb-38c2-40e4-acbf-038df3e87aae/2127c61f-5988-41e4-ae4a-4ea1df9847ac4b71.jpg]
[pro2-bar-s3-cdn-cf1.myportfolio.com/48f728fb-38c2-40e4-acbf-038df3e87aae/2127c61f-5988-41e4-ae4a-4ea1df9847ac_rw_1920644c.jpg]
[marwanwalid.myportfolio.com/rainy-street.html]
[pro2-bar-s3-cdn-cf1.myportfolio.com/48f728fb-38c2-40e4-acbf-038df3e87aae/2c495569-2e9b-4438-aefc-798a7c691b35765d.jpg]
[pro2-bar-s3-cdn-cf1.myportfolio.com/48f728fb-38c2-40e4-acbf-038df3e87aae/2c495569-2e9b-4438-aefc-798a7c691b35_rw_120026eb.jpg]
[marwanwalid.myportfolio.com/friends-portrait.html]
[pro2-bar-s3-cdn-cf2.myportfolio.com/48f728fb-38c2-40e4-acbf-038df3e87aae/35d977fa-a3f3-4540-8040-44e4dc3c5fb3c8ba.jpg]
[marwanwalid.myportfolio.com/eye-loves-all-beautiful.html]
[pro2-bar-s3-cdn-cf2.myportfolio.com/48f728fb-38c2-40e4-acbf-038df3e87aae/35d977fa-a3f3-4540-8040-44e4dc3c5fb3_rw_1920807f.jpg]
[pro2-bar-s3-cdn-cf6.myportfolio.com/48f728fb-38c2-40e4-acbf-038df3e87aae/06716dad-ab01-4c6b-bd25-66998cd99ce2b459.jpg]
[pro2-bar-s3-cdn-cf6.myportfolio.com/48f728fb-38c2-40e4-acbf-038df3e87aae/06716dad-ab01-4c6b-bd25-66998cd99ce2_rw_3840d2f3.jpg]
[pro2-bar-s3-cdn-cf6.myportfolio.com/48f728fb-38c2-40e4-acbf-038df3e87aae/7c1c0b2e-0004-4c0f-9918-a481baee4df1c953.jpg]
[pro2-bar-s3-cdn-cf6.myportfolio.com/48f728fb-38c2-40e4-acbf-038df3e87aae/7c1c0b2e-0004-4c0f-9918-a481baee4df1_rw_38407d74.jpg]
[marwanwalid.myportfolio.com/school-photos.html]
[pro2-bar-s3-cdn-cf.myportfolio.com/48f728fb-38c2-40e4-acbf-038df3e87aae/b8e53a58-9f17-4c1d-8ce4-71ac486c950ef484.jpg]
[pro2-bar-s3-cdn-cf.myportfolio.com/48f728fb-38c2-40e4-acbf-038df3e87aae/b8e53a58-9f17-4c1d-8ce4-71ac486c950e_rw_3840b382.jpg]
[marwanwalid.myportfolio.com/quarantine.html]
[pro2-bar-s3-cdn-cf.myportfolio.com/48f728fb-38c2-40e4-acbf-038df3e87aae/b2fa7734-315b-4468-818e-5aa7b3b31fe73611.jpg]
[pro2-bar-s3-cdn-cf.myportfolio.com/48f728fb-38c2-40e4-acbf-038df3e87aae/b2fa7734-315b-4468-818e-5aa7b3b31fe7_rw_3840c7bc.jpg]
[pro2-bar-s3-cdn-cf5.myportfolio.com/48f728fb-38c2-40e4-acbf-038df3e87aae/629539a2-ea6a-470e-b1b9-826376cd94dc96f7.jpg]
[pro2-bar-s3-cdn-cf5.myportfolio.com/48f728fb-38c2-40e4-acbf-038df3e87aae/629539a2-ea6a-470e-b1b9-826376cd94dc_rw_38407d6b.jpg]
[marwanwalid.myportfolio.com/cats.html]
[pro2-bar-s3-cdn-cf1.myportfolio.com/48f728fb-38c2-40e4-acbf-038df3e87aae/2e39d6b1080b426e776117d347976e4b164227608662db.css]
[pro2-bar-s3-cdn-cf6.myportfolio.com/48f728fb-38c2-40e4-acbf-038df3e87aae/717829a48b5fad64747b7bf2f577ae7316422760861dd1.css]
[pro2-bar-s3-cdn-cf3.myportfolio.com/48f728fb-38c2-40e4-acbf-038df3e87aae/432d1e47121890012bf879bfecd7ac98164227608677b1.css]
[pro2-bar-s3-cdn-cf.myportfolio.com/48f728fb-38c2-40e4-acbf-038df3e87aae/b62f8d23f38d80b52d482284a39fcaf5164227608602a8.css]
[pro2-bar-s3-cdn-cf.myportfolio.com/48f728fb-38c2-40e4-acbf-038df3e87aae/89a41c42210df5290efd5dde9d8b46661642276086a293.css]
[pro2-bar-s3-cdn-cf.myportfolio.com/48f728fb-38c2-40e4-acbf-038df3e87aae/1d9fb70bc26418b79bf59bd828c8267916422760864be6.css]
[pro2-bar-s3-cdn-cf4.myportfolio.com/48f728fb-38c2-40e4-acbf-038df3e87aae/faba8c8888fe89224f2b9821ff11e6f41642276086c560.css]
[pro2-bar-s3-cdn-cf1.myportfolio.com/48f728fb-38c2-40e4-acbf-038df3e87aae/9254669409b5be7d177266886a4169e216422760861370.css]
[pro2-bar-s3-cdn-cf1.myportfolio.com/48f728fb-38c2-40e4-acbf-038df3e87aae/25f2028d7568dcc155f4b241b8ab434e1642276086c6e9.css]
[pro2-bar-s3-cdn-cf.myportfolio.com/48f728fb-38c2-40e4-acbf-038df3e87aae/161f26d02c2da7104b3d1bb9eb5e590716422760864fba.css]
[pro2-bar-s3-cdn-cf4.myportfolio.com/48f728fb-38c2-40e4-acbf-038df3e87aae/5c6332133a1faaead62d96732e496ca9164227608679a4.css]
